\BOOKMARK [1][-]{section.1}{Objective}{}% 1
\BOOKMARK [1][-]{section.2}{Materials and Pre-Lab Work}{}% 2
\BOOKMARK [1][-]{section.3}{Test Description}{}% 3
\BOOKMARK [2][-]{subsection.3.1}{Electroacoustic Transducers I}{section.3}% 4
\BOOKMARK [2][-]{subsection.3.2}{Electroacoustic Transducers II}{section.3}% 5
\BOOKMARK [2][-]{subsection.3.3}{Optoelectrical Signal Sources and Sinks}{section.3}% 6
\BOOKMARK [1][-]{section.4}{Pre-Lab Calculations and Schematics}{}% 7
\BOOKMARK [1][-]{section.5}{Results and Discussion}{}% 8
\BOOKMARK [2][-]{subsection.5.1}{Experiment 2.1: Electrostatic Transducers I}{section.5}% 9
\BOOKMARK [3][-]{subsubsection.5.1.1}{Part A}{subsection.5.1}% 10
\BOOKMARK [3][-]{subsubsection.5.1.2}{Part B: Thevenin Equivalent and Maximum Power Transfer}{subsection.5.1}% 11
\BOOKMARK [2][-]{subsection.5.2}{Experiment 2.2: Electrostatic Transducers II}{section.5}% 12
\BOOKMARK [3][-]{subsubsection.5.2.1}{Part A: Microphone}{subsection.5.2}% 13
\BOOKMARK [3][-]{subsubsection.5.2.2}{Part B: The Lab PC as a Signal Source}{subsection.5.2}% 14
\BOOKMARK [2][-]{subsection.5.3}{Experiment 2.3: Optoelectrical Signal Sources and Sinks}{section.5}% 15
\BOOKMARK [3][-]{subsubsection.5.3.1}{Part A: The PhotoDiode}{subsection.5.3}% 16
\BOOKMARK [3][-]{subsubsection.5.3.2}{Part B: Light Emitting Diode}{subsection.5.3}% 17
\BOOKMARK [3][-]{subsubsection.5.3.3}{Part C: Optical Communication}{subsection.5.3}% 18
\BOOKMARK [1][-]{section.6}{References}{}% 19
\BOOKMARK [1][-]{section.7}{Conclusion}{}% 20
\BOOKMARK [2][-]{subsection.7.1}{Experiment 2.1: Electroacoustic Transducers I}{section.7}% 21
\BOOKMARK [2][-]{subsection.7.2}{Experiment 2.2: Electroacoustic Transducers II}{section.7}% 22
\BOOKMARK [2][-]{subsection.7.3}{Experiment 2.3: Optoelectrical Signal Sources and Sinks}{section.7}% 23
\BOOKMARK [1][-]{section.8}{Errors}{}% 24
