\BOOKMARK [1][-]{section.1}{Objective}{}% 1
\BOOKMARK [1][-]{section.2}{Materials}{}% 2
\BOOKMARK [2][-]{subsection.2.1}{RF Receiver}{section.2}% 3
\BOOKMARK [2][-]{subsection.2.2}{RF Transmitter}{section.2}% 4
\BOOKMARK [1][-]{section.3}{Test Description}{}% 5
\BOOKMARK [2][-]{subsection.3.1}{RF Receiver}{section.3}% 6
\BOOKMARK [2][-]{subsection.3.2}{RF Transmitter}{section.3}% 7
\BOOKMARK [2][-]{subsection.3.3}{Pre-Lab Calculations and Schematics}{section.3}% 8
\BOOKMARK [1][-]{section.4}{Results and Discussion}{}% 9
\BOOKMARK [2][-]{subsection.4.1}{Construct subsystems}{section.4}% 10
\BOOKMARK [3][-]{subsubsection.4.1.1}{Analog Signal Generation}{subsection.4.1}% 11
\BOOKMARK [3][-]{subsubsection.4.1.2}{Analog Speaker Driver}{subsection.4.1}% 12
\BOOKMARK [3][-]{subsubsection.4.1.3}{Building Labview VIs}{subsection.4.1}% 13
\BOOKMARK [3][-]{subsubsection.4.1.4}{Characterizing modules with Bode Plots}{subsection.4.1}% 14
\BOOKMARK [2][-]{subsection.4.2}{System Testing}{section.4}% 15
\BOOKMARK [3][-]{subsubsection.4.2.1}{Self Test}{subsection.4.2}% 16
\BOOKMARK [3][-]{subsubsection.4.2.2}{Full System Test}{subsection.4.2}% 17
\BOOKMARK [2][-]{subsection.4.3}{Measuring System Performance}{section.4}% 18
\BOOKMARK [2][-]{subsection.4.4}{Presentation}{section.4}% 19
\BOOKMARK [1][-]{section.5}{References}{}% 20
\BOOKMARK [1][-]{section.6}{Conclusion}{}% 21
\BOOKMARK [1][-]{section.7}{Errors}{}% 22
